<?xml version="1.0" encoding="UTF-8"?>
<testsuite xmlns:xsi="http://www.w3.org/2001/XMLSchema-instance" xsi:noNamespaceSchemaLocation="https://maven.apache.org/surefire/maven-surefire-plugin/xsd/surefire-test-report-3.0.xsd" version="3.0" name="com.cucumber.runner.Runner2" time="7.035" tests="3" errors="0" skipped="0" failures="0">
  <properties>
[...]
</properties>
  <testcase name="Login with valid Usernamd and password #1" classname="Login Test Cases" time="2.472">
    <system-out><![CDATA[
&amp#27;[1mScenario:&amp#27;[22m Login with valid Usernamd and password                 &amp#27;[90m# Feature/LoginFeature.feature:3&amp#27;[39m
  &amp#27;[32m✔&amp#27;[39m &amp#27;[32m&amp#27;[1mGiven &amp#27;[22mUser Launch the application&amp#27;[39m                            &amp#27;[90m# com.cucumber.steps.Steps.user_launch_the_application()&amp#27;[39m
  &amp#27;[32m✔&amp#27;[39m &amp#27;[32m&amp#27;[1mGiven &amp#27;[22mUser is on &amp#27;[1m"LoginPage"&amp#27;[22m&amp#27;[39m                                 &amp#27;[90m# com.cucumber.steps.Steps.user_is_on(java.lang.String)&amp#27;[39m
  &amp#27;[32m✔&amp#27;[39m &amp#27;[32m&amp#27;[1mWhen &amp#27;[22mUser enter into textbox &amp#27;[1m"Username"&amp#27;[22m &amp#27;[1m"admin123@gmail.com"&amp#27;[22m&amp#27;[39m &amp#27;[90m# com.cucumber.steps.Steps.user_enter_into_textbox(java.lang.String,java.lang.String)&amp#27;[39m
  &amp#27;[32m✔&amp#27;[39m &amp#27;[32m&amp#27;[1mWhen &amp#27;[22mUser enter into textbox &amp#27;[1m"Password"&amp#27;[22m &amp#27;[1m"admin123"&amp#27;[22m&amp#27;[39m           &amp#27;[90m# com.cucumber.steps.Steps.user_enter_into_textbox(java.lang.String,java.lang.String)&amp#27;[39m
  &amp#27;[32m✔&amp#27;[39m &amp#27;[32m&amp#27;[1mThen &amp#27;[22mUser click on Button &amp#27;[1m"Login"&amp#27;[22m&amp#27;[39m                            &amp#27;[90m# com.cucumber.steps.Steps.user_click_on_button(java.lang.String)&amp#27;[39m
  &amp#27;[32m✔&amp#27;[39m &amp#27;[32m&amp#27;[1mGiven &amp#27;[22mUser is on &amp#27;[1m"HomePage"&amp#27;[22m&amp#27;[39m                                  &amp#27;[90m# com.cucumber.steps.Steps.user_is_on(java.lang.String)&amp#27;[39m
  &amp#27;[32m✔&amp#27;[39m &amp#27;[32m&amp#27;[1mThen &amp#27;[22mUser click on Button &amp#27;[1m"Home"&amp#27;[22m&amp#27;[39m                             &amp#27;[90m# com.cucumber.steps.Steps.user_click_on_button(java.lang.String)&amp#27;[39m
]]></system-out>
    <system-err><![CDATA[SLF4J(W): No SLF4J providers were found.
SLF4J(W): Defaulting to no-operation (NOP) logger implementation
SLF4J(W): See https://www.slf4j.org/codes.html#noProviders for further details.
Starting ChromeDriver 141.0.7390.122 (b477534e7e10d193e916cd4e2967c589383625b2-refs/branch-heads/7390@{#2667}) on port 26088
Only local connections are allowed.
Please see https://chromedriver.chromium.org/security-considerations for suggestions on keeping ChromeDriver safe.
ChromeDriver was started successfully on port 26088.
Dec 05, 2025 9:08:47 AM org.openqa.selenium.remote.ProtocolHandshake createSession
INFO: Detected dialect: W3C
]]></system-err>
  </testcase>
  <testcase name="Login with valid Usernamd and password #2" classname="Login Test Cases" time="2.089">
    <system-out><![CDATA[
&amp#27;[1mScenario:&amp#27;[22m Login with valid Usernamd and password                 &amp#27;[90m# Feature/LoginFeature.feature:15&amp#27;[39m
  &amp#27;[32m✔&amp#27;[39m &amp#27;[32m&amp#27;[1mGiven &amp#27;[22mUser Launch the application&amp#27;[39m                            &amp#27;[90m# com.cucumber.steps.Steps.user_launch_the_application()&amp#27;[39m
  &amp#27;[32m✔&amp#27;[39m &amp#27;[32m&amp#27;[1mGiven &amp#27;[22mUser is on &amp#27;[1m"LoginPage"&amp#27;[22m&amp#27;[39m                                 &amp#27;[90m# com.cucumber.steps.Steps.user_is_on(java.lang.String)&amp#27;[39m
  &amp#27;[32m✔&amp#27;[39m &amp#27;[32m&amp#27;[1mWhen &amp#27;[22mUser enter into textbox &amp#27;[1m"Username"&amp#27;[22m &amp#27;[1m"admin123@gmail.com"&amp#27;[22m&amp#27;[39m &amp#27;[90m# com.cucumber.steps.Steps.user_enter_into_textbox(java.lang.String,java.lang.String)&amp#27;[39m
  &amp#27;[32m✔&amp#27;[39m &amp#27;[32m&amp#27;[1mWhen &amp#27;[22mUser enter into textbox &amp#27;[1m"Password"&amp#27;[22m &amp#27;[1m"admin123"&amp#27;[22m&amp#27;[39m           &amp#27;[90m# com.cucumber.steps.Steps.user_enter_into_textbox(java.lang.String,java.lang.String)&amp#27;[39m
  &amp#27;[32m✔&amp#27;[39m &amp#27;[32m&amp#27;[1mThen &amp#27;[22mUser click on Button &amp#27;[1m"Login"&amp#27;[22m&amp#27;[39m                            &amp#27;[90m# com.cucumber.steps.Steps.user_click_on_button(java.lang.String)&amp#27;[39m
  &amp#27;[32m✔&amp#27;[39m &amp#27;[32m&amp#27;[1mGiven &amp#27;[22mUser is on &amp#27;[1m"HomePage"&amp#27;[22m&amp#27;[39m                                  &amp#27;[90m# com.cucumber.steps.Steps.user_is_on(java.lang.String)&amp#27;[39m
  &amp#27;[32m✔&amp#27;[39m &amp#27;[32m&amp#27;[1mThen &amp#27;[22mUser click on Button &amp#27;[1m"Home"&amp#27;[22m&amp#27;[39m                             &amp#27;[90m# com.cucumber.steps.Steps.user_click_on_button(java.lang.String)&amp#27;[39m
  &amp#27;[32m✔&amp#27;[39m &amp#27;[32m&amp#27;[1mThen &amp#27;[22muser enter the value &amp#27;[1m"Name"&amp#27;[22m &amp#27;[1m"sharadha"&amp#27;[22m&amp#27;[39m                  &amp#27;[90m# com.cucumber.steps.Steps.user_enter_the_value(java.lang.String,java.lang.String)&amp#27;[39m
  &amp#27;[32m✔&amp#27;[39m &amp#27;[32m&amp#27;[1mThen &amp#27;[22mUser click on Radiobutton &amp#27;[1m"Female"&amp#27;[22m&amp#27;[39m                      &amp#27;[90m# com.cucumber.steps.Steps.user_click_on_radiobutton(java.lang.String)&amp#27;[39m
]]></system-out>
    <system-err><![CDATA[Starting ChromeDriver 141.0.7390.122 (b477534e7e10d193e916cd4e2967c589383625b2-refs/branch-heads/7390@{#2667}) on port 11408
Only local connections are allowed.
Please see https://chromedriver.chromium.org/security-considerations for suggestions on keeping ChromeDriver safe.
ChromeDriver was started successfully on port 11408.
Dec 05, 2025 9:08:49 AM org.openqa.selenium.remote.ProtocolHandshake createSession
INFO: Detected dialect: W3C
]]></system-err>
  </testcase>
  <testcase name="Login with valid Usernamd and password #3" classname="Login Test Cases" time="2.147">
    <system-out><![CDATA[
&amp#27;[1mScenario:&amp#27;[22m Login with valid Usernamd and password                 &amp#27;[90m# Feature/LoginFeature.feature:28&amp#27;[39m
  &amp#27;[32m✔&amp#27;[39m &amp#27;[32m&amp#27;[1mGiven &amp#27;[22mUser Launch the application&amp#27;[39m                            &amp#27;[90m# com.cucumber.steps.Steps.user_launch_the_application()&amp#27;[39m
  &amp#27;[32m✔&amp#27;[39m &amp#27;[32m&amp#27;[1mGiven &amp#27;[22mUser is on &amp#27;[1m"LoginPage"&amp#27;[22m&amp#27;[39m                                 &amp#27;[90m# com.cucumber.steps.Steps.user_is_on(java.lang.String)&amp#27;[39m
  &amp#27;[32m✔&amp#27;[39m &amp#27;[32m&amp#27;[1mWhen &amp#27;[22mUser enter into textbox &amp#27;[1m"Username"&amp#27;[22m &amp#27;[1m"admin123@gmail.com"&amp#27;[22m&amp#27;[39m &amp#27;[90m# com.cucumber.steps.Steps.user_enter_into_textbox(java.lang.String,java.lang.String)&amp#27;[39m
  &amp#27;[32m✔&amp#27;[39m &amp#27;[32m&amp#27;[1mWhen &amp#27;[22mUser enter into textbox &amp#27;[1m"Password"&amp#27;[22m &amp#27;[1m"admin123"&amp#27;[22m&amp#27;[39m           &amp#27;[90m# com.cucumber.steps.Steps.user_enter_into_textbox(java.lang.String,java.lang.String)&amp#27;[39m
  &amp#27;[32m✔&amp#27;[39m &amp#27;[32m&amp#27;[1mThen &amp#27;[22mUser click on Button &amp#27;[1m"Login"&amp#27;[22m&amp#27;[39m                            &amp#27;[90m# com.cucumber.steps.Steps.user_click_on_button(java.lang.String)&amp#27;[39m
  &amp#27;[32m✔&amp#27;[39m &amp#27;[32m&amp#27;[1mGiven &amp#27;[22mUser is on &amp#27;[1m"HomePage"&amp#27;[22m&amp#27;[39m                                  &amp#27;[90m# com.cucumber.steps.Steps.user_is_on(java.lang.String)&amp#27;[39m
  &amp#27;[32m✔&amp#27;[39m &amp#27;[32m&amp#27;[1mThen &amp#27;[22mUser click on Button &amp#27;[1m"Home"&amp#27;[22m&amp#27;[39m                             &amp#27;[90m# com.cucumber.steps.Steps.user_click_on_button(java.lang.String)&amp#27;[39m
  &amp#27;[32m✔&amp#27;[39m &amp#27;[32m&amp#27;[1mThen &amp#27;[22muser enter the value &amp#27;[1m"Name"&amp#27;[22m &amp#27;[1m"sankar"&amp#27;[22m&amp#27;[39m                    &amp#27;[90m# com.cucumber.steps.Steps.user_enter_the_value(java.lang.String,java.lang.String)&amp#27;[39m
  &amp#27;[32m✔&amp#27;[39m &amp#27;[32m&amp#27;[1mThen &amp#27;[22mUser click on Radiobutton &amp#27;[1m"Female"&amp#27;[22m&amp#27;[39m                      &amp#27;[90m# com.cucumber.steps.Steps.user_click_on_radiobutton(java.lang.String)&amp#27;[39m
]]></system-out>
    <system-err><![CDATA[Starting ChromeDriver 141.0.7390.122 (b477534e7e10d193e916cd4e2967c589383625b2-refs/branch-heads/7390@{#2667}) on port 35812
Only local connections are allowed.
Please see https://chromedriver.chromium.org/security-considerations for suggestions on keeping ChromeDriver safe.
ChromeDriver was started successfully on port 35812.
Dec 05, 2025 9:08:51 AM org.openqa.selenium.remote.ProtocolHandshake createSession
INFO: Detected dialect: W3C
]]></system-err>
  </testcase>
</testsuite>